This file contains any messages produced by compilers while
running configure, to aid debugging if configure makes a mistake.

It was created by runjags configure 2, which was
generated by GNU Autoconf 2.71.  Invocation command line was

  $ ./configure

## --------- ##
## Platform. ##
## --------- ##

hostname = SUN1018225
uname -m = arm64
uname -r = 21.6.0
uname -s = Darwin
uname -v = Darwin Kernel Version 21.6.0: Mon Aug 22 20:19:52 PDT 2022; root:xnu-8020.140.49~2/RELEASE_ARM64_T6000

/usr/bin/uname -p = arm
/bin/uname -X     = unknown

/bin/arch              = unknown
/usr/bin/arch -k       = unknown
/usr/convex/getsysinfo = unknown
/usr/bin/hostinfo      = Mach kernel version:
	 Darwin Kernel Version 21.6.0: Mon Aug 22 20:19:52 PDT 2022; root:xnu-8020.140.49~2/RELEASE_ARM64_T6000
Kernel configured for up to 10 processors.
10 processors are physically available.
10 processors are logically available.
Processor type: arm64e (ARM64E)
Processors active: 0 1 2 3 4 5 6 7 8 9
Primary memory available: 64.00 gigabytes
Default processor set: 957 tasks, 4204 threads, 10 processors
Load average: 66.19, Mach factor: 2.55
/bin/machine           = unknown
/usr/bin/oslevel       = unknown
/bin/universe          = unknown

PATH: /opt/R/arm64/bin/
PATH: /opt/homebrew/bin/
PATH: /opt/homebrew/sbin/
PATH: /usr/local/bin/
PATH: /usr/bin/
PATH: /bin/
PATH: /usr/sbin/
PATH: /sbin/
PATH: /Library/TeX/texbin/
PATH: /opt/X11/bin/
PATH: /Library/Apple/usr/bin/
PATH: /usr/ucb/
PATH: /usr/local/bin/
PATH: /Users/matthewdenwood/Applications/quarto/bin/
PATH: /usr/texbin/
PATH: /Applications/RStudio.app/Contents/MacOS/quarto/bin/
PATH: /Applications/RStudio.app/Contents/MacOS/
PATH: /Applications/RStudio.app/Contents/MacOS/
PATH: /Applications/RStudio.app/Contents/MacOS/
PATH: /Applications/RStudio.app/Contents/MacOS/
PATH: /Applications/RStudio.app/Contents/MacOS/
PATH: /Applications/RStudio.app/Contents/MacOS/
PATH: /Applications/RStudio.app/Contents/MacOS/
PATH: /Applications/RStudio.app/Contents/MacOS/
PATH: /Applications/RStudio.app/Contents/MacOS/
PATH: /Applications/RStudio.app/Contents/MacOS/
PATH: /Applications/RStudio.app/Contents/MacOS/
PATH: /Applications/RStudio.app/Contents/MacOS/
PATH: /Applications/RStudio.app/Contents/MacOS/
PATH: /Applications/RStudio.app/Contents/MacOS/
PATH: /Applications/RStudio.app/Contents/MacOS/
PATH: /Applications/RStudio.app/Contents/MacOS/
PATH: /Applications/RStudio.app/Contents/MacOS/
PATH: /Applications/RStudio.app/Contents/MacOS/


## ----------- ##
## Core tests. ##
## ----------- ##

configure:2557: checking for pkg-config
configure:2581: found /opt/R/arm64/bin/pkg-config
configure:2593: result: /opt/R/arm64/bin/pkg-config
configure:2624: WARNING: pkg-config file for jags 2 unavailable
configure:2626: WARNING: Consider adding the directory containing `jags.pc`
configure:2628: WARNING: to the PKG_CONFIG_PATH environment variable
configure:2637: Attempting legacy configuration of rjags
configure:2662: checking for jags
configure:2685: found /usr/local/bin/jags
configure:2697: result: /usr/local/bin/jags
configure:2916: checking for C++ compiler version
configure:2925: clang++ -arch arm64 -std=gnu++14 --version >&5
Apple clang version 14.0.0 (clang-1400.0.29.102)
Target: arm64-apple-darwin21.6.0
Thread model: posix
InstalledDir: /Applications/Xcode.app/Contents/Developer/Toolchains/XcodeDefault.xctoolchain/usr/bin
configure:2936: $? = 0
configure:2925: clang++ -arch arm64 -std=gnu++14 -v >&5
Apple clang version 14.0.0 (clang-1400.0.29.102)
Target: arm64-apple-darwin21.6.0
Thread model: posix
InstalledDir: /Applications/Xcode.app/Contents/Developer/Toolchains/XcodeDefault.xctoolchain/usr/bin
clang: warning: argument unused during compilation: '-std=gnu++14' [-Wunused-command-line-argument]
configure:2936: $? = 0
configure:2925: clang++ -arch arm64 -std=gnu++14 -V >&5
clang: error: argument to '-V' is missing (expected 1 value)
clang: error: no input files
configure:2936: $? = 1
configure:2925: clang++ -arch arm64 -std=gnu++14 -qversion >&5
clang: error: unknown argument '-qversion'; did you mean '--version'?
clang: error: no input files
configure:2936: $? = 1
configure:2956: checking whether the C++ compiler works
configure:2978: clang++ -arch arm64 -std=gnu++14 -falign-functions=64 -Wall -g -O2 -I/usr/local/include/JAGS  conftest.cpp  >&5
configure:2982: $? = 0
configure:3032: result: yes
configure:3035: checking for C++ compiler default output file name
configure:3037: result: a.out
configure:3043: checking for suffix of executables
configure:3050: clang++ -arch arm64 -std=gnu++14 -o conftest -falign-functions=64 -Wall -g -O2 -I/usr/local/include/JAGS  conftest.cpp  >&5
configure:3054: $? = 0
configure:3077: result: 
configure:3099: checking whether we are cross compiling
configure:3107: clang++ -arch arm64 -std=gnu++14 -o conftest -falign-functions=64 -Wall -g -O2 -I/usr/local/include/JAGS  conftest.cpp  >&5
configure:3111: $? = 0
configure:3118: ./conftest
configure:3122: $? = 0
configure:3137: result: no
configure:3142: checking for suffix of object files
configure:3165: clang++ -arch arm64 -std=gnu++14 -c -falign-functions=64 -Wall -g -O2 -I/usr/local/include/JAGS conftest.cpp >&5
configure:3169: $? = 0
configure:3191: result: o
configure:3195: checking whether the compiler supports GNU C++
configure:3215: clang++ -arch arm64 -std=gnu++14 -c -falign-functions=64 -Wall -g -O2 -I/usr/local/include/JAGS conftest.cpp >&5
configure:3215: $? = 0
configure:3225: result: yes
configure:3236: checking whether clang++ -arch arm64 -std=gnu++14 accepts -g
configure:3257: clang++ -arch arm64 -std=gnu++14 -c -g -I/usr/local/include/JAGS conftest.cpp >&5
configure:3257: $? = 0
configure:3301: result: yes
configure:3321: checking for clang++ -arch arm64 -std=gnu++14 option to enable C++11 features
configure:3336: clang++ -arch arm64 -std=gnu++14  -c -falign-functions=64 -Wall -g -O2 -I/usr/local/include/JAGS conftest.cpp >&5
conftest.cpp:139:16: warning: unused variable 'a4' [-Wunused-variable]
  decltype(a2) a4 = 34895.034;
               ^
conftest.cpp:136:7: warning: variable 'total' set but not used [-Wunused-but-set-variable]
  int total = 0;
      ^
conftest.cpp:132:8: warning: unused variable 'a1' [-Wunused-variable]
  auto a1 = 6538;
       ^
conftest.cpp:143:9: warning: unused variable 'sa' [-Wunused-variable]
  short sa[cxx11test::get_val()] = { 0 };
        ^
conftest.cpp:147:23: warning: unused variable 'il' [-Wunused-variable]
  cxx11test::testinit il = { 4323, 435234.23544 };
                      ^
conftest.cpp:170:8: warning: unused variable 'c' [-Wunused-variable]
  auto c = sum(1.0, 2.0, 3.0);
       ^
conftest.cpp:169:8: warning: unused variable 'b' [-Wunused-variable]
  auto b = sum(1, 2);
       ^
conftest.cpp:168:8: warning: unused variable 'a' [-Wunused-variable]
  auto a = sum(1);
       ^
conftest.cpp:175:25: warning: empty parentheses interpreted as a function declaration [-Wvexing-parse]
  cxx11test::delegate d2();
                        ^~
conftest.cpp:175:25: note: remove parentheses to declare a variable
  cxx11test::delegate d2();
                        ^~
conftest.cpp:184:9: warning: unused variable 'c' [-Wunused-variable]
  char *c = nullptr;
        ^
conftest.cpp:194:19: warning: unused variable 'utf32' [-Wunused-variable]
  char32_t const *utf32 = U"UTF-32 string \u2500";
                  ^
conftest.cpp:192:15: warning: unused variable 'utf8' [-Wunused-variable]
  char const *utf8 = u8"UTF-8 string \u2500";
              ^
conftest.cpp:193:19: warning: unused variable 'utf16' [-Wunused-variable]
  char16_t const *utf16 = u"UTF-8 string \u2500";
                  ^
conftest.cpp:94:9: warning: private field 'i' is not used [-Wunused-private-field]
    int i;
        ^
14 warnings generated.
configure:3336: $? = 0
configure:3354: result: none needed
configure:3423: checking for stdio.h
configure:3423: clang++ -arch arm64 -std=gnu++14 -c -falign-functions=64 -Wall -g -O2 -I/usr/local/include/JAGS conftest.cpp >&5
configure:3423: $? = 0
configure:3423: result: yes
configure:3423: checking for stdlib.h
configure:3423: clang++ -arch arm64 -std=gnu++14 -c -falign-functions=64 -Wall -g -O2 -I/usr/local/include/JAGS conftest.cpp >&5
configure:3423: $? = 0
configure:3423: result: yes
configure:3423: checking for string.h
configure:3423: clang++ -arch arm64 -std=gnu++14 -c -falign-functions=64 -Wall -g -O2 -I/usr/local/include/JAGS conftest.cpp >&5
configure:3423: $? = 0
configure:3423: result: yes
configure:3423: checking for inttypes.h
configure:3423: clang++ -arch arm64 -std=gnu++14 -c -falign-functions=64 -Wall -g -O2 -I/usr/local/include/JAGS conftest.cpp >&5
configure:3423: $? = 0
configure:3423: result: yes
configure:3423: checking for stdint.h
configure:3423: clang++ -arch arm64 -std=gnu++14 -c -falign-functions=64 -Wall -g -O2 -I/usr/local/include/JAGS conftest.cpp >&5
configure:3423: $? = 0
configure:3423: result: yes
configure:3423: checking for strings.h
configure:3423: clang++ -arch arm64 -std=gnu++14 -c -falign-functions=64 -Wall -g -O2 -I/usr/local/include/JAGS conftest.cpp >&5
configure:3423: $? = 0
configure:3423: result: yes
configure:3423: checking for sys/stat.h
configure:3423: clang++ -arch arm64 -std=gnu++14 -c -falign-functions=64 -Wall -g -O2 -I/usr/local/include/JAGS conftest.cpp >&5
configure:3423: $? = 0
configure:3423: result: yes
configure:3423: checking for sys/types.h
configure:3423: clang++ -arch arm64 -std=gnu++14 -c -falign-functions=64 -Wall -g -O2 -I/usr/local/include/JAGS conftest.cpp >&5
configure:3423: $? = 0
configure:3423: result: yes
configure:3423: checking for unistd.h
configure:3423: clang++ -arch arm64 -std=gnu++14 -c -falign-functions=64 -Wall -g -O2 -I/usr/local/include/JAGS conftest.cpp >&5
configure:3423: $? = 0
configure:3423: result: yes
configure:3448: checking for Console.h
configure:3448: clang++ -arch arm64 -std=gnu++14 -c -falign-functions=64 -Wall -g -O2 -I/usr/local/include/JAGS conftest.cpp >&5
configure:3448: $? = 0
configure:3448: result: yes
configure:3499: Compile flags are -I/usr/local/include/JAGS
configure:3501: Link flags are -L/usr/local/lib -ljags
configure:3595: checking for gcc
configure:3627: result: clang -arch arm64
configure:3980: checking for C compiler version
configure:3989: clang -arch arm64 --version >&5
Apple clang version 14.0.0 (clang-1400.0.29.102)
Target: arm64-apple-darwin21.6.0
Thread model: posix
InstalledDir: /Applications/Xcode.app/Contents/Developer/Toolchains/XcodeDefault.xctoolchain/usr/bin
configure:4000: $? = 0
configure:3989: clang -arch arm64 -v >&5
Apple clang version 14.0.0 (clang-1400.0.29.102)
Target: arm64-apple-darwin21.6.0
Thread model: posix
InstalledDir: /Applications/Xcode.app/Contents/Developer/Toolchains/XcodeDefault.xctoolchain/usr/bin
configure:4000: $? = 0
configure:3989: clang -arch arm64 -V >&5
clang: error: argument to '-V' is missing (expected 1 value)
clang: error: no input files
configure:4000: $? = 1
configure:3989: clang -arch arm64 -qversion >&5
clang: error: unknown argument '-qversion'; did you mean '--version'?
clang: error: no input files
configure:4000: $? = 1
configure:3989: clang -arch arm64 -version >&5
clang: error: unknown argument '-version'; did you mean '--version'?
clang: error: no input files
configure:4000: $? = 1
configure:4004: checking whether the compiler supports GNU C
configure:4024: clang -arch arm64 -c -I/usr/local/include/JAGS -I/opt/R/arm64/include conftest.c >&5
configure:4024: $? = 0
configure:4034: result: yes
configure:4045: checking whether clang -arch arm64 accepts -g
configure:4066: clang -arch arm64 -c -g -I/opt/R/arm64/include conftest.c >&5
configure:4066: $? = 0
configure:4110: result: yes
configure:4130: checking for clang -arch arm64 option to enable C11 features
configure:4145: clang -arch arm64  -c -I/usr/local/include/JAGS -I/opt/R/arm64/include conftest.c >&5
configure:4145: $? = 0
configure:4163: result: none needed
configure:4274: checking for jags_version in -ljags
configure:4297: clang -arch arm64 -o conftest -I/usr/local/include/JAGS -I/opt/R/arm64/include -L/usr/local/lib conftest.c -ljags   >&5
configure:4297: $? = 0
configure:4307: result: yes
configure:4336: checking version of JAGS library
configure:4352: clang++ -arch arm64 -std=gnu++14 -o conftest -I/usr/local/include/JAGS -I/opt/R/arm64/include -L/usr/local/lib -ljags  conftest.cpp -ljags  >&5
configure:4352: $? = 0
configure:4352: ./conftest
configure:4352: $? = 0
configure:4531: creating ./config.status

## ---------------------- ##
## Running config.status. ##
## ---------------------- ##

This file was extended by runjags config.status 2, which was
generated by GNU Autoconf 2.71.  Invocation command line was

  CONFIG_FILES    = 
  CONFIG_HEADERS  = 
  CONFIG_LINKS    = 
  CONFIG_COMMANDS = 
  $ ./config.status 

on SUN1018225

config.status:722: creating src/Makevars

## ---------------- ##
## Cache variables. ##
## ---------------- ##

ac_cv_c_compiler_gnu=yes
ac_cv_cxx_compiler_gnu=yes
ac_cv_env_CCC_set=
ac_cv_env_CCC_value=
ac_cv_env_CC_set=
ac_cv_env_CC_value=
ac_cv_env_CFLAGS_set=
ac_cv_env_CFLAGS_value=
ac_cv_env_CPPFLAGS_set=
ac_cv_env_CPPFLAGS_value=
ac_cv_env_CXXFLAGS_set=
ac_cv_env_CXXFLAGS_value=
ac_cv_env_CXX_set=
ac_cv_env_CXX_value=
ac_cv_env_LDFLAGS_set=
ac_cv_env_LDFLAGS_value=
ac_cv_env_LIBS_set=
ac_cv_env_LIBS_value=
ac_cv_env_build_alias_set=
ac_cv_env_build_alias_value=
ac_cv_env_host_alias_set=
ac_cv_env_host_alias_value=
ac_cv_env_target_alias_set=
ac_cv_env_target_alias_value=
ac_cv_header_Console_h=yes
ac_cv_header_inttypes_h=yes
ac_cv_header_stdint_h=yes
ac_cv_header_stdio_h=yes
ac_cv_header_stdlib_h=yes
ac_cv_header_string_h=yes
ac_cv_header_strings_h=yes
ac_cv_header_sys_stat_h=yes
ac_cv_header_sys_types_h=yes
ac_cv_header_unistd_h=yes
ac_cv_lib_jags_jags_version=yes
ac_cv_objext=o
ac_cv_path_PKG_CONFIG=/opt/R/arm64/bin/pkg-config
ac_cv_path_jags_bin_path=/usr/local/bin/jags
ac_cv_prog_ac_ct_CC='clang -arch arm64'
ac_cv_prog_cc_c11=
ac_cv_prog_cc_g=yes
ac_cv_prog_cc_stdc=
ac_cv_prog_cxx_11=no
ac_cv_prog_cxx_cxx11=
ac_cv_prog_cxx_g=yes
ac_cv_prog_cxx_stdcxx=

## ----------------- ##
## Output variables. ##
## ----------------- ##

CC='clang -arch arm64'
CFLAGS='-falign-functions=64 -Wall -g -O2'
CPPFLAGS='-I/opt/R/arm64/include'
CXX='clang++ -arch arm64 -std=gnu++14'
CXXFLAGS='-falign-functions=64 -Wall -g -O2'
DEFS='-DPACKAGE_NAME=\"runjags\" -DPACKAGE_TARNAME=\"runjags\" -DPACKAGE_VERSION=\"2\" -DPACKAGE_STRING=\"runjags\ 2\" -DPACKAGE_BUGREPORT=\"\" -DPACKAGE_URL=\"\" -DHAVE_STDIO_H=1 -DHAVE_STDLIB_H=1 -DHAVE_STRING_H=1 -DHAVE_INTTYPES_H=1 -DHAVE_STDINT_H=1 -DHAVE_STRINGS_H=1 -DHAVE_SYS_STAT_H=1 -DHAVE_SYS_TYPES_H=1 -DHAVE_UNISTD_H=1 -DSTDC_HEADERS=1 -DHAVE_LIBJAGS=1'
ECHO_C='\c'
ECHO_N=''
ECHO_T=''
EXEEXT=''
JAGS_CFLAGS='-I/usr/local/include/JAGS'
JAGS_LIBS='-L/usr/local/lib -ljags'
JAGS_RPATH=''
LDFLAGS=''
LIBOBJS=''
LIBS='-ljags '
LTLIBOBJS=''
OBJEXT='o'
PACKAGE_BUGREPORT=''
PACKAGE_NAME='runjags'
PACKAGE_STRING='runjags 2'
PACKAGE_TARNAME='runjags'
PACKAGE_URL=''
PACKAGE_VERSION='2'
PATH_SEPARATOR=':'
PKG_CONFIG='/opt/R/arm64/bin/pkg-config'
SHELL='/bin/sh'
ac_ct_CC='clang -arch arm64'
ac_ct_CXX=''
bindir='${exec_prefix}/bin'
build_alias=''
datadir='${datarootdir}'
datarootdir='${prefix}/share'
docdir='${datarootdir}/doc/${PACKAGE_TARNAME}'
dvidir='${docdir}'
exec_prefix='${prefix}'
host_alias=''
htmldir='${docdir}'
includedir='${prefix}/include'
infodir='${datarootdir}/info'
jags_bin_path='/usr/local/bin'
libdir='${exec_prefix}/lib'
libexecdir='${exec_prefix}/libexec'
localedir='${datarootdir}/locale'
localstatedir='${prefix}/var'
mandir='${datarootdir}/man'
oldincludedir='/usr/include'
pdfdir='${docdir}'
prefix='/usr/local'
program_transform_name='s,x,x,'
psdir='${docdir}'
runstatedir='${localstatedir}/run'
sbindir='${exec_prefix}/sbin'
sharedstatedir='${prefix}/com'
sysconfdir='${prefix}/etc'
target_alias=''

## ----------- ##
## confdefs.h. ##
## ----------- ##

/* confdefs.h */
#define PACKAGE_NAME "runjags"
#define PACKAGE_TARNAME "runjags"
#define PACKAGE_VERSION "2"
#define PACKAGE_STRING "runjags 2"
#define PACKAGE_BUGREPORT ""
#define PACKAGE_URL ""
#define HAVE_STDIO_H 1
#define HAVE_STDLIB_H 1
#define HAVE_STRING_H 1
#define HAVE_INTTYPES_H 1
#define HAVE_STDINT_H 1
#define HAVE_STRINGS_H 1
#define HAVE_SYS_STAT_H 1
#define HAVE_SYS_TYPES_H 1
#define HAVE_UNISTD_H 1
#define STDC_HEADERS 1
#define HAVE_LIBJAGS 1

configure: exit 0
